<?xml version="1.0" encoding="UTF-8"?>
<testsuite xmlns:xsi="http://www.w3.org/2001/XMLSchema-instance" xsi:noNamespaceSchemaLocation="https://maven.apache.org/surefire/maven-surefire-plugin/xsd/surefire-test-report.xsd" version="3.0.2" name="com.Freshmart.store.GroceryStoreApplicationTests" time="5.915" tests="1" errors="0" skipped="0" failures="0">
  <properties>
[...]
</properties>
  <testcase name="contextLoads" classname="com.Freshmart.store.GroceryStoreApplicationTests" time="0.362">
    <system-out><![CDATA[12:01:43.719 [main] INFO org.springframework.test.context.support.AnnotationConfigContextLoaderUtils -- Could not detect default configuration classes for test class [com.Freshmart.store.GroceryStoreApplicationTests]: GroceryStoreApplicationTests does not declare any static, non-private, non-final, nested classes annotated with @Configuration.
12:01:43.865 [main] INFO org.springframework.boot.test.context.SpringBootTestContextBootstrapper -- Found @SpringBootConfiguration com.Freshmart.store.GroceryStoreApplication for test class com.Freshmart.store.GroceryStoreApplicationTests
12:01:44.044 [main] INFO org.springframework.boot.devtools.restart.RestartApplicationListener -- Restart disabled due to context in which it is running

  .   ____          _            __ _ _
 /\\ / ___'_ __ _ _(_)_ __  __ _ \ \ \ \
( ( )\___ | '_ | '_| | '_ \/ _` | \ \ \ \
 \\/  ___)| |_)| | | | | || (_| |  ) ) ) )
  '  |____| .__|_| |_|_| |_\__, | / / / /
 =========|_|==============|___/=/_/_/_/

 :: Spring Boot ::                (v3.4.9)

2025-10-19T12:01:44.362+05:30  INFO 24016 --- [Grocery store] [           main] c.F.store.GroceryStoreApplicationTests   : Starting GroceryStoreApplicationTests using Java 24.0.2 with PID 24016 (started by Salonee in C:\Users\Salonee\OneDrive\Desktop\project\Grocery-Shopping\store\store)
2025-10-19T12:01:44.365+05:30  INFO 24016 --- [Grocery store] [           main] c.F.store.GroceryStoreApplicationTests   : No active profile set, falling back to 1 default profile: "default"
2025-10-19T12:01:45.079+05:30  INFO 24016 --- [Grocery store] [           main] .s.d.r.c.RepositoryConfigurationDelegate : Bootstrapping Spring Data JPA repositories in DEFAULT mode.
2025-10-19T12:01:45.147+05:30  INFO 24016 --- [Grocery store] [           main] .s.d.r.c.RepositoryConfigurationDelegate : Finished Spring Data repository scanning in 60 ms. Found 9 JPA repository interfaces.
2025-10-19T12:01:45.667+05:30  INFO 24016 --- [Grocery store] [           main] o.hibernate.jpa.internal.util.LogHelper  : HHH000204: Processing PersistenceUnitInfo [name: default]
2025-10-19T12:01:45.719+05:30  INFO 24016 --- [Grocery store] [           main] org.hibernate.Version                    : HHH000412: Hibernate ORM core version 6.6.26.Final
2025-10-19T12:01:45.748+05:30  INFO 24016 --- [Grocery store] [           main] o.h.c.internal.RegionFactoryInitiator    : HHH000026: Second-level cache disabled
2025-10-19T12:01:46.101+05:30  INFO 24016 --- [Grocery store] [           main] o.s.o.j.p.SpringPersistenceUnitInfo      : No LoadTimeWeaver setup: ignoring JPA class transformer
2025-10-19T12:01:46.132+05:30  INFO 24016 --- [Grocery store] [           main] com.zaxxer.hikari.HikariDataSource       : HikariPool-1 - Starting...
2025-10-19T12:01:46.471+05:30  INFO 24016 --- [Grocery store] [           main] com.zaxxer.hikari.pool.HikariPool        : HikariPool-1 - Added connection com.mysql.cj.jdbc.ConnectionImpl@4c50cd7d
2025-10-19T12:01:46.474+05:30  INFO 24016 --- [Grocery store] [           main] com.zaxxer.hikari.HikariDataSource       : HikariPool-1 - Start completed.
2025-10-19T12:01:46.525+05:30  WARN 24016 --- [Grocery store] [           main] org.hibernate.orm.deprecation            : HHH90000025: MySQLDialect does not need to be specified explicitly using 'hibernate.dialect' (remove the property setting and it will be selected by default)
2025-10-19T12:01:46.540+05:30  INFO 24016 --- [Grocery store] [           main] org.hibernate.orm.connections.pooling    : HHH10001005: Database info:
	Database JDBC URL [Connecting through datasource 'HikariDataSource (HikariPool-1)']
	Database driver: undefined/unknown
	Database version: 8.0.43
	Autocommit mode: undefined/unknown
	Isolation level: undefined/unknown
	Minimum pool size: undefined/unknown
	Maximum pool size: undefined/unknown
2025-10-19T12:01:47.439+05:30  INFO 24016 --- [Grocery store] [           main] o.h.e.t.j.p.i.JtaPlatformInitiator       : HHH000489: No JTA platform available (set 'hibernate.transaction.jta.platform' to enable JTA platform integration)
2025-10-19T12:01:47.565+05:30  INFO 24016 --- [Grocery store] [           main] j.LocalContainerEntityManagerFactoryBean : Initialized JPA EntityManagerFactory for persistence unit 'default'
2025-10-19T12:01:48.060+05:30  INFO 24016 --- [Grocery store] [           main] o.s.d.j.r.query.QueryEnhancerFactory     : Hibernate is in classpath; If applicable, HQL parser will be used.
2025-10-19T12:01:48.479+05:30  WARN 24016 --- [Grocery store] [           main] JpaBaseConfiguration$JpaWebConfiguration : spring.jpa.open-in-view is enabled by default. Therefore, database queries may be performed during view rendering. Explicitly configure spring.jpa.open-in-view to disable this warning
2025-10-19T12:01:48.499+05:30  WARN 24016 --- [Grocery store] [           main] .s.s.UserDetailsServiceAutoConfiguration : 

Using generated security password: 0119a0ff-16a5-4e5a-8352-bf7ef8fe41c1

This generated password is for development use only. Your security configuration must be updated before running your application in production.

2025-10-19T12:01:48.508+05:30  INFO 24016 --- [Grocery store] [           main] r$InitializeUserDetailsManagerConfigurer : Global AuthenticationManager configured with UserDetailsService bean with name inMemoryUserDetailsManager
2025-10-19T12:01:49.099+05:30  INFO 24016 --- [Grocery store] [           main] c.F.store.GroceryStoreApplicationTests   : Started GroceryStoreApplicationTests in 5.071 seconds (process running for 6.195)
]]></system-out>
    <system-err><![CDATA[Mockito is currently self-attaching to enable the inline-mock-maker. This will no longer work in future releases of the JDK. Please add Mockito as an agent to your build what is described in Mockito's documentation: https://javadoc.io/doc/org.mockito/mockito-core/latest/org/mockito/Mockito.html#0.3
WARNING: A Java agent has been loaded dynamically (C:\Users\Salonee\.m2\repository\net\bytebuddy\byte-buddy-agent\1.15.11\byte-buddy-agent-1.15.11.jar)
WARNING: If a serviceability tool is in use, please run with -XX:+EnableDynamicAgentLoading to hide this warning
WARNING: If a serviceability tool is not in use, please run with -Djdk.instrument.traceUsage for more information
WARNING: Dynamic loading of agents will be disallowed by default in a future release
]]></system-err>
  </testcase>
</testsuite>